<?xml version="1.0" encoding="UTF-8"?>
<testsuite name="org.oop.PasswordValidatorTest" tests="1" skipped="0" failures="0" errors="0" timestamp="2023-01-17T08:04:06" hostname="IB10600885" time="0.087">
  <properties/>
  <testcase name="비밀번호가 최소 8자리 이상, 12이하면 예외가 발생하지 않음" classname="org.oop.PasswordValidatorTest" time="0.087"/>
  <system-out><![CDATA[]]></system-out>
  <system-err><![CDATA[]]></system-err>
</testsuite>
